     
    -------------------------------------------------------
    |  General Lake Model (GLM)   Version 3.9.015         |
    -------------------------------------------------------
     
     glm built using gcc version 9.4.0
     build date 20250523-1840UTC

     nDays= 1; timestep= 3600.000000 (s)
     Maximum lake depth is 9.300000
     Depth where flow will occur over the crest is 9.300000
       *sed_temp_mean[0] =    5.88000
     WQ plugin active: included Num_WQ_Vars = 10
     aed_api built using gfortran version            9 .           4 .           0
     libaed enabled.... aed_configure_models processing: api/api.nml
      ---------- AED API config : start ----------
     libaed-water version 2.1.5
     libaed built using gfortran version            9 .           4 .           0
     libaed-ben version 2.1.5
     libaed built using gfortran version            9 .           4 .           0
     libaed-demo version 2.1.5
     libaed built using gfortran version            9 .           4 .           0
     libaed-riparian not included 
     libaed-lighting not included
     libaed-dev not included
      Processing aed_models config from api/api.nml
         aed_environ configuration
         aed_oxygen configuration
         aed_nitrogen configuration
         aed_phosphorus configuration
         aed_organic_matter configuration
         aed_bio_particles initialization
       ... nml file parsing completed.

     AED : n_aed_vars  = 123 ; MaxLayers         =  500
     AED : n_vars      =  10 ; n_vars_ben        =    0
     AED : n_vars_diag =  43 ; n_vars_diag_sheet =   27

      ----------  AED API config : end  ----------
     Configured AED variables to simulate:
       S(   1) water column variable     : OXY_oxy
       S(   2) water column variable     : NIT_amm
       S(   3) water column variable     : NIT_nit
       S(   4) water column variable     : PHS_frp
       S(   5) water column variable     : OGM_doc
       S(   6) water column variable     : OGM_poc
       S(   7) water column variable     : OGM_don
       S(   8) water column variable     : OGM_pon
       S(   9) water column variable     : OGM_dop
       S(  10) water column variable     : OGM_pop
       D(   1) water column diagnostic   > ENV_temperature
       D(   2) water column diagnostic   > ENV_salinity
       D(   3) water column diagnostic   > ENV_density
       D(   4) water column diagnostic   > ENV_layer_ht
       D(   5) water column diagnostic   > ENV_layer_area
       D(   6) water column diagnostic   > ENV_depth
       D(   7) water column diagnostic   > ENV_extc_coef
       D(   8) water column diagnostic   > ENV_pressure
       D(   9) water column diagnostic   > ENV_bioextc
       D(  10) water column diagnostic   > OXY_sat
       D(  11) water column diagnostic   > OXY_oxy_dsfv
       D(  12) water column diagnostic   > OXY_oxy_atmv
       D(  13) water column diagnostic   > NIT_nitrif
       D(  14) water column diagnostic   > NIT_denit
       D(  15) water column diagnostic   > NIT_anammox
       D(  16) water column diagnostic   > NIT_dnra
       D(  17) water column diagnostic   > OGM_poc_set
       D(  18) water column diagnostic   > OGM_pon_set
       D(  19) water column diagnostic   > OGM_pop_set
       D(  20) water column diagnostic   > OGM_cdom
       D(  21) water column diagnostic   > OGM_poc_hyd
       D(  22) water column diagnostic   > OGM_pon_hyd
       D(  23) water column diagnostic   > OGM_pop_hyd
       D(  24) water column diagnostic   > OGM_doc_min
       D(  25) water column diagnostic   > OGM_don_min
       D(  26) water column diagnostic   > OGM_dop_min
       D(  27) water column diagnostic   > OGM_doc_anaerobic
       D(  28) water column diagnostic   > OGM_doc_denit
       D(  29) water column diagnostic   > OGM_bod5
       D(  30) water column diagnostic   > OGM_pom_vvel
       D(  31) water column diagnostic   > PTM_total_count
       D(  32) water column diagnostic   > PTM_total_vvel
       D(  33) water column diagnostic   > PTM_total_mass
       D(  34) water column diagnostic   > PTM_total_birth
       D(  35) water column diagnostic   > PTM_total_age
       D(  36) water column diagnostic   > PTM_vvel
       D(  37) water column diagnostic   > PTM_mass
       D(  38) water column diagnostic   > PTM_birth
       D(  39) water column diagnostic   > PTM_age
       D(  40) water column diagnostic   > PTM_oxy_flux
       D(  41) water column diagnostic   > PTM_dc_flux
       D(  42) water column diagnostic   > PTM_dn_flux
       D(  43) water column diagnostic   > PTM_dp_flux
ptm_init_glm: num_particle_groups  1 
_PTM_Stat(0,5000-1,0)  42 
_PTM_Stat(0,5000-1,1)  -9999 
_PTM_Stat(0,5000-1,2)  -9999 
_PTM_Stat(0,5000-1,3)  -9999 
_PTM_Stat(0,5000,0)  -9999 
_PTM_Stat(0,5000,1)  -9999 
_PTM_Stat(0,5000,2)  -9999 
_PTM_Stat(0,5000,3)  -9999 
_PTM_Stat(0,5000,4)  -9999 
_PTM_Stat(0,0,0)  101 
_PTM_Stat(0,1,1)  202 
_PTM_Stat(0,2,2)  -9999 
_PTM_Stat(0,3,3)  -9999 
_PTM_Vars(0,0,0)  111.100000 
_PTM_Vars(0,0,0)  -9999.000000 
_PTM_Vars(0,0,0)  -9999.000000 
_PTM_Vars(0,2,2)  1.330000 
ptm_addparticles() 0 0 
ptm_addparticles() 1 1 
ptm_addparticles() 2 2 
ptm_addparticles() 3 3 
ptm_addparticles() 4 4 
ptm_addparticles() 5 5 
ptm_addparticles() 6 6 
ptm_addparticles() 7 7 
ptm_addparticles() 8 8 
ptm_addparticles() 9 9 
ptm_addparticles() 10 10 
ptm_addparticles() 11 11 
ptm_addparticles() 12 12 
ptm_addparticles() 13 13 
ptm_addparticles() 14 14 
ptm_addparticles() 15 15 
ptm_addparticles() 16 16 
ptm_addparticles() 17 17 
ptm_addparticles() 18 18 
ptm_addparticles() 19 19 

     Wall clock start time :  Sat May 24 02:40:39 2025

     Simulation begins...
       D(   1) bottom/surface diagnostic ~ ENV_par_sf
       D(   2) bottom/surface diagnostic ~ ENV_wind_speed
       D(   3) bottom/surface diagnostic ~ ENV_air_temp
       D(   4) bottom/surface diagnostic ~ ENV_air_pres
       D(   5) bottom/surface diagnostic ~ ENV_rain
       D(   6) bottom/surface diagnostic ~ ENV_evap
       D(   7) bottom/surface diagnostic ~ ENV_humidity
       D(   8) bottom/surface diagnostic ~ ENV_col_depth
       D(   9) bottom/surface diagnostic ~ ENV_yearday
       D(  10) bottom/surface diagnostic ~ OXY_oxy_dsf
       D(  11) bottom/surface diagnostic ~ OXY_oxy_atm
       D(  12) bottom/surface diagnostic ~ NIT_amm_dsf
       D(  13) bottom/surface diagnostic ~ NIT_nit_dsf
       D(  14) bottom/surface diagnostic ~ NIT_din_atm
       D(  15) bottom/surface diagnostic ~ PHS_frp_dsf
       D(  16) bottom/surface diagnostic ~ OGM_toc_sed
       D(  17) bottom/surface diagnostic ~ OGM_ton_sed
       D(  18) bottom/surface diagnostic ~ OGM_top_sed
       D(  19) bottom/surface diagnostic ~ OGM_poc_swi
       D(  20) bottom/surface diagnostic ~ OGM_doc_swi
       D(  21) bottom/surface diagnostic ~ OGM_pon_swi
       D(  22) bottom/surface diagnostic ~ OGM_don_swi
       D(  23) bottom/surface diagnostic ~ OGM_pop_swi
       D(  24) bottom/surface diagnostic ~ OGM_dop_swi
       D(  25) bottom/surface diagnostic ~ OGM_poc_res
       D(  26) bottom/surface diagnostic ~ OGM_pon_res
       D(  27) bottom/surface diagnostic ~ OGM_pop_res
 HI0           1
 HI
 sss           1       10000
 BYE       10000
 PTM :           42
 PTM :   -9999.0000000000000     
 Particle BGC           1          72
 PTM START           1       10000
 PTM GRP           1
 STAT           1           1           0
 STAT           2           1          18
 STAT           3           1           7
 STAT           4           1          64
 STAT           5           1          13
 STAT           6           1          55
 STAT           7           1           5
 STAT           8           1          13
 STAT           9           1          53
 STAT          10           1           2
 STAT          11           1          28
 STAT          12           1           7
 STAT          13           1          56
 STAT          14           1           0
 STAT          15           1          36
 STAT          16           1          16
 STAT          17           1          11
 STAT          18           1          23
 STAT          19           1          69
 STAT          20           1          15
 STAT          21           0           0
 STAT          22           0           0
 STAT          23           0           0
 STAT          24           0           0
 STAT          25           0           0
 STAT          26           0           0
 STAT          27           0           0
 STAT          28           0           0
 STAT          29           0           0
 PTM CELL           1           0
 PTM CELL           2           1
 PTM CELL           3           0
 PTM CELL           4           0
 PTM CELL           5           1
 PTM CELL           6           0
 PTM CELL           7           2
 PTM CELL           8           0
 PTM CELL           9           0
 PTM CELL          10           0
 PTM CELL          11           1
 PTM CELL          12           0
 PTM CELL          13           2
 PTM CELL          14           0
 PTM CELL          15           1
 PTM CELL          16           1
 PTM CELL          17           0
 PTM CELL          18           1
 PTM CELL          19           0
 PTM CELL          20           0
 PTM CELL          21           0
 PTM CELL          22           0
 PTM CELL          23           1
 PTM CELL          24           0
 PTM CELL          25           0
 PTM CELL          26           0
 PTM CELL          27           0
 PTM CELL          28           1
 PTM CELL          29           0
 PTM CELL          30           0
 PTM CELL          31           0
 PTM CELL          32           0
 PTM CELL          33           0
 PTM CELL          34           0
 PTM CELL          35           0
